
> legal-service-platform@0.1.0 seed
> tsx prisma/seed.ts

Seeding message data...
node:internal/modules/run_main:123
    triggerUncaughtException(
    ^

Error: Transform failed with 1 error:
D:\PhapChe\prisma\seed\partners.ts:19:30: ERROR: The symbol "seedPartners" has already been declared
    at failureErrorWithLog (D:\PhapChe\node_modules\esbuild\lib\main.js:1748:15)
    at D:\PhapChe\node_modules\esbuild\lib\main.js:1017:50
    at responseCallbacks.<computed> (D:\PhapChe\node_modules\esbuild\lib\main.js:884:9)
    at handleIncomingPacket (D:\PhapChe\node_modules\esbuild\lib\main.js:939:12)
    at Socket.readFromStdout (D:\PhapChe\node_modules\esbuild\lib\main.js:862:7)
    at Socket.emit (node:events:519:28)
    at addChunk (node:internal/streams/readable:561:12)
    at readableAddChunkPushByteMode (node:internal/streams/readable:512:3)
    at Readable.push (node:internal/streams/readable:392:5)
    at Pipe.onStreamRead (node:internal/stream_base_commons:189:23) {
  name: 'TransformError'
}

Node.js v22.22.0
